hadd Target file: /nfs/dust/cms/user/zoiirene/DiBoson/OutputBatch/uhh2.AnalysisModuleRunner.MC.MC_QCD_HT2000toInf.root
hadd compression setting for all ouput: 1
hadd Source file 1: /nfs/dust/cms/user/zoiirene/DiBoson/OutputBatch/workdir_QCD_2000toInf/uhh2.AnalysisModuleRunner.MC.MC_QCD_HT2000toInf_0.root
hadd Source file 2: /nfs/dust/cms/user/zoiirene/DiBoson/OutputBatch/workdir_QCD_2000toInf/uhh2.AnalysisModuleRunner.MC.MC_QCD_HT2000toInf_1.root
hadd Source file 3: /nfs/dust/cms/user/zoiirene/DiBoson/OutputBatch/workdir_QCD_2000toInf/uhh2.AnalysisModuleRunner.MC.MC_QCD_HT2000toInf_2.root
hadd Source file 4: /nfs/dust/cms/user/zoiirene/DiBoson/OutputBatch/workdir_QCD_2000toInf/uhh2.AnalysisModuleRunner.MC.MC_QCD_HT2000toInf_3.root
hadd Source file 5: /nfs/dust/cms/user/zoiirene/DiBoson/OutputBatch/workdir_QCD_2000toInf/uhh2.AnalysisModuleRunner.MC.MC_QCD_HT2000toInf_4.root
hadd Source file 6: /nfs/dust/cms/user/zoiirene/DiBoson/OutputBatch/workdir_QCD_2000toInf/uhh2.AnalysisModuleRunner.MC.MC_QCD_HT2000toInf_5.root
hadd Source file 7: /nfs/dust/cms/user/zoiirene/DiBoson/OutputBatch/workdir_QCD_2000toInf/uhh2.AnalysisModuleRunner.MC.MC_QCD_HT2000toInf_6.root
hadd Source file 8: /nfs/dust/cms/user/zoiirene/DiBoson/OutputBatch/workdir_QCD_2000toInf/uhh2.AnalysisModuleRunner.MC.MC_QCD_HT2000toInf_7.root
hadd Source file 9: /nfs/dust/cms/user/zoiirene/DiBoson/OutputBatch/workdir_QCD_2000toInf/uhh2.AnalysisModuleRunner.MC.MC_QCD_HT2000toInf_8.root
hadd Source file 10: /nfs/dust/cms/user/zoiirene/DiBoson/OutputBatch/workdir_QCD_2000toInf/uhh2.AnalysisModuleRunner.MC.MC_QCD_HT2000toInf_9.root
hadd Source file 11: /nfs/dust/cms/user/zoiirene/DiBoson/OutputBatch/workdir_QCD_2000toInf/uhh2.AnalysisModuleRunner.MC.MC_QCD_HT2000toInf_10.root
hadd Source file 12: /nfs/dust/cms/user/zoiirene/DiBoson/OutputBatch/workdir_QCD_2000toInf/uhh2.AnalysisModuleRunner.MC.MC_QCD_HT2000toInf_11.root
hadd Source file 13: /nfs/dust/cms/user/zoiirene/DiBoson/OutputBatch/workdir_QCD_2000toInf/uhh2.AnalysisModuleRunner.MC.MC_QCD_HT2000toInf_12.root
hadd Source file 14: /nfs/dust/cms/user/zoiirene/DiBoson/OutputBatch/workdir_QCD_2000toInf/uhh2.AnalysisModuleRunner.MC.MC_QCD_HT2000toInf_13.root
hadd Source file 15: /nfs/dust/cms/user/zoiirene/DiBoson/OutputBatch/workdir_QCD_2000toInf/uhh2.AnalysisModuleRunner.MC.MC_QCD_HT2000toInf_14.root
hadd Source file 16: /nfs/dust/cms/user/zoiirene/DiBoson/OutputBatch/workdir_QCD_2000toInf/uhh2.AnalysisModuleRunner.MC.MC_QCD_HT2000toInf_15.root
hadd Source file 17: /nfs/dust/cms/user/zoiirene/DiBoson/OutputBatch/workdir_QCD_2000toInf/uhh2.AnalysisModuleRunner.MC.MC_QCD_HT2000toInf_16.root
hadd Source file 18: /nfs/dust/cms/user/zoiirene/DiBoson/OutputBatch/workdir_QCD_2000toInf/uhh2.AnalysisModuleRunner.MC.MC_QCD_HT2000toInf_17.root
hadd Source file 19: /nfs/dust/cms/user/zoiirene/DiBoson/OutputBatch/workdir_QCD_2000toInf/uhh2.AnalysisModuleRunner.MC.MC_QCD_HT2000toInf_18.root
hadd Source file 20: /nfs/dust/cms/user/zoiirene/DiBoson/OutputBatch/workdir_QCD_2000toInf/uhh2.AnalysisModuleRunner.MC.MC_QCD_HT2000toInf_19.root
hadd Source file 21: /nfs/dust/cms/user/zoiirene/DiBoson/OutputBatch/workdir_QCD_2000toInf/uhh2.AnalysisModuleRunner.MC.MC_QCD_HT2000toInf_20.root
hadd Source file 22: /nfs/dust/cms/user/zoiirene/DiBoson/OutputBatch/workdir_QCD_2000toInf/uhh2.AnalysisModuleRunner.MC.MC_QCD_HT2000toInf_21.root
hadd Source file 23: /nfs/dust/cms/user/zoiirene/DiBoson/OutputBatch/workdir_QCD_2000toInf/uhh2.AnalysisModuleRunner.MC.MC_QCD_HT2000toInf_22.root
hadd Source file 24: /nfs/dust/cms/user/zoiirene/DiBoson/OutputBatch/workdir_QCD_2000toInf/uhh2.AnalysisModuleRunner.MC.MC_QCD_HT2000toInf_23.root
hadd Source file 25: /nfs/dust/cms/user/zoiirene/DiBoson/OutputBatch/workdir_QCD_2000toInf/uhh2.AnalysisModuleRunner.MC.MC_QCD_HT2000toInf_24.root
hadd Source file 26: /nfs/dust/cms/user/zoiirene/DiBoson/OutputBatch/workdir_QCD_2000toInf/uhh2.AnalysisModuleRunner.MC.MC_QCD_HT2000toInf_25.root
hadd Source file 27: /nfs/dust/cms/user/zoiirene/DiBoson/OutputBatch/workdir_QCD_2000toInf/uhh2.AnalysisModuleRunner.MC.MC_QCD_HT2000toInf_26.root
hadd Source file 28: /nfs/dust/cms/user/zoiirene/DiBoson/OutputBatch/workdir_QCD_2000toInf/uhh2.AnalysisModuleRunner.MC.MC_QCD_HT2000toInf_27.root
hadd Source file 29: /nfs/dust/cms/user/zoiirene/DiBoson/OutputBatch/workdir_QCD_2000toInf/uhh2.AnalysisModuleRunner.MC.MC_QCD_HT2000toInf_28.root
hadd Source file 30: /nfs/dust/cms/user/zoiirene/DiBoson/OutputBatch/workdir_QCD_2000toInf/uhh2.AnalysisModuleRunner.MC.MC_QCD_HT2000toInf_29.root
hadd Source file 31: /nfs/dust/cms/user/zoiirene/DiBoson/OutputBatch/workdir_QCD_2000toInf/uhh2.AnalysisModuleRunner.MC.MC_QCD_HT2000toInf_30.root
hadd Source file 32: /nfs/dust/cms/user/zoiirene/DiBoson/OutputBatch/workdir_QCD_2000toInf/uhh2.AnalysisModuleRunner.MC.MC_QCD_HT2000toInf_31.root
hadd Source file 33: /nfs/dust/cms/user/zoiirene/DiBoson/OutputBatch/workdir_QCD_2000toInf/uhh2.AnalysisModuleRunner.MC.MC_QCD_HT2000toInf_32.root
hadd Source file 34: /nfs/dust/cms/user/zoiirene/DiBoson/OutputBatch/workdir_QCD_2000toInf/uhh2.AnalysisModuleRunner.MC.MC_QCD_HT2000toInf_33.root
hadd Source file 35: /nfs/dust/cms/user/zoiirene/DiBoson/OutputBatch/workdir_QCD_2000toInf/uhh2.AnalysisModuleRunner.MC.MC_QCD_HT2000toInf_34.root
hadd Source file 36: /nfs/dust/cms/user/zoiirene/DiBoson/OutputBatch/workdir_QCD_2000toInf/uhh2.AnalysisModuleRunner.MC.MC_QCD_HT2000toInf_35.root
hadd Source file 37: /nfs/dust/cms/user/zoiirene/DiBoson/OutputBatch/workdir_QCD_2000toInf/uhh2.AnalysisModuleRunner.MC.MC_QCD_HT2000toInf_36.root
hadd Source file 38: /nfs/dust/cms/user/zoiirene/DiBoson/OutputBatch/workdir_QCD_2000toInf/uhh2.AnalysisModuleRunner.MC.MC_QCD_HT2000toInf_37.root
hadd Source file 39: /nfs/dust/cms/user/zoiirene/DiBoson/OutputBatch/workdir_QCD_2000toInf/uhh2.AnalysisModuleRunner.MC.MC_QCD_HT2000toInf_38.root
hadd Source file 40: /nfs/dust/cms/user/zoiirene/DiBoson/OutputBatch/workdir_QCD_2000toInf/uhh2.AnalysisModuleRunner.MC.MC_QCD_HT2000toInf_39.root
hadd Source file 41: /nfs/dust/cms/user/zoiirene/DiBoson/OutputBatch/workdir_QCD_2000toInf/uhh2.AnalysisModuleRunner.MC.MC_QCD_HT2000toInf_40.root
hadd Source file 42: /nfs/dust/cms/user/zoiirene/DiBoson/OutputBatch/workdir_QCD_2000toInf/uhh2.AnalysisModuleRunner.MC.MC_QCD_HT2000toInf_41.root
hadd Source file 43: /nfs/dust/cms/user/zoiirene/DiBoson/OutputBatch/workdir_QCD_2000toInf/uhh2.AnalysisModuleRunner.MC.MC_QCD_HT2000toInf_42.root
hadd Source file 44: /nfs/dust/cms/user/zoiirene/DiBoson/OutputBatch/workdir_QCD_2000toInf/uhh2.AnalysisModuleRunner.MC.MC_QCD_HT2000toInf_43.root
hadd Source file 45: /nfs/dust/cms/user/zoiirene/DiBoson/OutputBatch/workdir_QCD_2000toInf/uhh2.AnalysisModuleRunner.MC.MC_QCD_HT2000toInf_44.root
hadd Source file 46: /nfs/dust/cms/user/zoiirene/DiBoson/OutputBatch/workdir_QCD_2000toInf/uhh2.AnalysisModuleRunner.MC.MC_QCD_HT2000toInf_45.root
hadd Source file 47: /nfs/dust/cms/user/zoiirene/DiBoson/OutputBatch/workdir_QCD_2000toInf/uhh2.AnalysisModuleRunner.MC.MC_QCD_HT2000toInf_46.root
hadd Source file 48: /nfs/dust/cms/user/zoiirene/DiBoson/OutputBatch/workdir_QCD_2000toInf/uhh2.AnalysisModuleRunner.MC.MC_QCD_HT2000toInf_47.root
hadd Source file 49: /nfs/dust/cms/user/zoiirene/DiBoson/OutputBatch/workdir_QCD_2000toInf/uhh2.AnalysisModuleRunner.MC.MC_QCD_HT2000toInf_48.root
hadd Source file 50: /nfs/dust/cms/user/zoiirene/DiBoson/OutputBatch/workdir_QCD_2000toInf/uhh2.AnalysisModuleRunner.MC.MC_QCD_HT2000toInf_49.root
hadd Source file 51: /nfs/dust/cms/user/zoiirene/DiBoson/OutputBatch/workdir_QCD_2000toInf/uhh2.AnalysisModuleRunner.MC.MC_QCD_HT2000toInf_50.root
hadd Source file 52: /nfs/dust/cms/user/zoiirene/DiBoson/OutputBatch/workdir_QCD_2000toInf/uhh2.AnalysisModuleRunner.MC.MC_QCD_HT2000toInf_51.root
hadd Source file 53: /nfs/dust/cms/user/zoiirene/DiBoson/OutputBatch/workdir_QCD_2000toInf/uhh2.AnalysisModuleRunner.MC.MC_QCD_HT2000toInf_52.root
hadd Source file 54: /nfs/dust/cms/user/zoiirene/DiBoson/OutputBatch/workdir_QCD_2000toInf/uhh2.AnalysisModuleRunner.MC.MC_QCD_HT2000toInf_53.root
hadd Source file 55: /nfs/dust/cms/user/zoiirene/DiBoson/OutputBatch/workdir_QCD_2000toInf/uhh2.AnalysisModuleRunner.MC.MC_QCD_HT2000toInf_54.root
hadd Source file 56: /nfs/dust/cms/user/zoiirene/DiBoson/OutputBatch/workdir_QCD_2000toInf/uhh2.AnalysisModuleRunner.MC.MC_QCD_HT2000toInf_55.root
hadd Source file 57: /nfs/dust/cms/user/zoiirene/DiBoson/OutputBatch/workdir_QCD_2000toInf/uhh2.AnalysisModuleRunner.MC.MC_QCD_HT2000toInf_56.root
hadd Source file 58: /nfs/dust/cms/user/zoiirene/DiBoson/OutputBatch/workdir_QCD_2000toInf/uhh2.AnalysisModuleRunner.MC.MC_QCD_HT2000toInf_57.root
hadd Source file 59: /nfs/dust/cms/user/zoiirene/DiBoson/OutputBatch/workdir_QCD_2000toInf/uhh2.AnalysisModuleRunner.MC.MC_QCD_HT2000toInf_58.root
hadd Source file 60: /nfs/dust/cms/user/zoiirene/DiBoson/OutputBatch/workdir_QCD_2000toInf/uhh2.AnalysisModuleRunner.MC.MC_QCD_HT2000toInf_59.root
hadd Source file 61: /nfs/dust/cms/user/zoiirene/DiBoson/OutputBatch/workdir_QCD_2000toInf/uhh2.AnalysisModuleRunner.MC.MC_QCD_HT2000toInf_60.root
hadd Source file 62: /nfs/dust/cms/user/zoiirene/DiBoson/OutputBatch/workdir_QCD_2000toInf/uhh2.AnalysisModuleRunner.MC.MC_QCD_HT2000toInf_61.root
hadd Source file 63: /nfs/dust/cms/user/zoiirene/DiBoson/OutputBatch/workdir_QCD_2000toInf/uhh2.AnalysisModuleRunner.MC.MC_QCD_HT2000toInf_62.root
hadd Source file 64: /nfs/dust/cms/user/zoiirene/DiBoson/OutputBatch/workdir_QCD_2000toInf/uhh2.AnalysisModuleRunner.MC.MC_QCD_HT2000toInf_63.root
hadd Source file 65: /nfs/dust/cms/user/zoiirene/DiBoson/OutputBatch/workdir_QCD_2000toInf/uhh2.AnalysisModuleRunner.MC.MC_QCD_HT2000toInf_64.root
hadd Source file 66: /nfs/dust/cms/user/zoiirene/DiBoson/OutputBatch/workdir_QCD_2000toInf/uhh2.AnalysisModuleRunner.MC.MC_QCD_HT2000toInf_65.root
hadd Source file 67: /nfs/dust/cms/user/zoiirene/DiBoson/OutputBatch/workdir_QCD_2000toInf/uhh2.AnalysisModuleRunner.MC.MC_QCD_HT2000toInf_66.root
hadd Source file 68: /nfs/dust/cms/user/zoiirene/DiBoson/OutputBatch/workdir_QCD_2000toInf/uhh2.AnalysisModuleRunner.MC.MC_QCD_HT2000toInf_67.root
hadd Source file 69: /nfs/dust/cms/user/zoiirene/DiBoson/OutputBatch/workdir_QCD_2000toInf/uhh2.AnalysisModuleRunner.MC.MC_QCD_HT2000toInf_68.root
hadd Source file 70: /nfs/dust/cms/user/zoiirene/DiBoson/OutputBatch/workdir_QCD_2000toInf/uhh2.AnalysisModuleRunner.MC.MC_QCD_HT2000toInf_69.root
hadd Source file 71: /nfs/dust/cms/user/zoiirene/DiBoson/OutputBatch/workdir_QCD_2000toInf/uhh2.AnalysisModuleRunner.MC.MC_QCD_HT2000toInf_70.root
hadd Source file 72: /nfs/dust/cms/user/zoiirene/DiBoson/OutputBatch/workdir_QCD_2000toInf/uhh2.AnalysisModuleRunner.MC.MC_QCD_HT2000toInf_71.root
hadd Source file 73: /nfs/dust/cms/user/zoiirene/DiBoson/OutputBatch/workdir_QCD_2000toInf/uhh2.AnalysisModuleRunner.MC.MC_QCD_HT2000toInf_72.root
hadd Source file 74: /nfs/dust/cms/user/zoiirene/DiBoson/OutputBatch/workdir_QCD_2000toInf/uhh2.AnalysisModuleRunner.MC.MC_QCD_HT2000toInf_73.root
hadd Source file 75: /nfs/dust/cms/user/zoiirene/DiBoson/OutputBatch/workdir_QCD_2000toInf/uhh2.AnalysisModuleRunner.MC.MC_QCD_HT2000toInf_74.root
hadd Source file 76: /nfs/dust/cms/user/zoiirene/DiBoson/OutputBatch/workdir_QCD_2000toInf/uhh2.AnalysisModuleRunner.MC.MC_QCD_HT2000toInf_75.root
hadd Source file 77: /nfs/dust/cms/user/zoiirene/DiBoson/OutputBatch/workdir_QCD_2000toInf/uhh2.AnalysisModuleRunner.MC.MC_QCD_HT2000toInf_76.root
hadd Source file 78: /nfs/dust/cms/user/zoiirene/DiBoson/OutputBatch/workdir_QCD_2000toInf/uhh2.AnalysisModuleRunner.MC.MC_QCD_HT2000toInf_77.root
hadd Source file 79: /nfs/dust/cms/user/zoiirene/DiBoson/OutputBatch/workdir_QCD_2000toInf/uhh2.AnalysisModuleRunner.MC.MC_QCD_HT2000toInf_78.root
hadd Source file 80: /nfs/dust/cms/user/zoiirene/DiBoson/OutputBatch/workdir_QCD_2000toInf/uhh2.AnalysisModuleRunner.MC.MC_QCD_HT2000toInf_79.root
hadd Source file 81: /nfs/dust/cms/user/zoiirene/DiBoson/OutputBatch/workdir_QCD_2000toInf/uhh2.AnalysisModuleRunner.MC.MC_QCD_HT2000toInf_80.root
hadd Source file 82: /nfs/dust/cms/user/zoiirene/DiBoson/OutputBatch/workdir_QCD_2000toInf/uhh2.AnalysisModuleRunner.MC.MC_QCD_HT2000toInf_81.root
hadd Source file 83: /nfs/dust/cms/user/zoiirene/DiBoson/OutputBatch/workdir_QCD_2000toInf/uhh2.AnalysisModuleRunner.MC.MC_QCD_HT2000toInf_82.root
hadd Source file 84: /nfs/dust/cms/user/zoiirene/DiBoson/OutputBatch/workdir_QCD_2000toInf/uhh2.AnalysisModuleRunner.MC.MC_QCD_HT2000toInf_83.root
hadd Source file 85: /nfs/dust/cms/user/zoiirene/DiBoson/OutputBatch/workdir_QCD_2000toInf/uhh2.AnalysisModuleRunner.MC.MC_QCD_HT2000toInf_84.root
hadd Source file 86: /nfs/dust/cms/user/zoiirene/DiBoson/OutputBatch/workdir_QCD_2000toInf/uhh2.AnalysisModuleRunner.MC.MC_QCD_HT2000toInf_85.root
hadd Source file 87: /nfs/dust/cms/user/zoiirene/DiBoson/OutputBatch/workdir_QCD_2000toInf/uhh2.AnalysisModuleRunner.MC.MC_QCD_HT2000toInf_86.root
hadd Source file 88: /nfs/dust/cms/user/zoiirene/DiBoson/OutputBatch/workdir_QCD_2000toInf/uhh2.AnalysisModuleRunner.MC.MC_QCD_HT2000toInf_87.root
hadd Source file 89: /nfs/dust/cms/user/zoiirene/DiBoson/OutputBatch/workdir_QCD_2000toInf/uhh2.AnalysisModuleRunner.MC.MC_QCD_HT2000toInf_88.root
hadd Source file 90: /nfs/dust/cms/user/zoiirene/DiBoson/OutputBatch/workdir_QCD_2000toInf/uhh2.AnalysisModuleRunner.MC.MC_QCD_HT2000toInf_89.root
hadd Source file 91: /nfs/dust/cms/user/zoiirene/DiBoson/OutputBatch/workdir_QCD_2000toInf/uhh2.AnalysisModuleRunner.MC.MC_QCD_HT2000toInf_90.root
hadd Source file 92: /nfs/dust/cms/user/zoiirene/DiBoson/OutputBatch/workdir_QCD_2000toInf/uhh2.AnalysisModuleRunner.MC.MC_QCD_HT2000toInf_91.root
hadd Source file 93: /nfs/dust/cms/user/zoiirene/DiBoson/OutputBatch/workdir_QCD_2000toInf/uhh2.AnalysisModuleRunner.MC.MC_QCD_HT2000toInf_92.root
hadd Source file 94: /nfs/dust/cms/user/zoiirene/DiBoson/OutputBatch/workdir_QCD_2000toInf/uhh2.AnalysisModuleRunner.MC.MC_QCD_HT2000toInf_93.root
hadd Source file 95: /nfs/dust/cms/user/zoiirene/DiBoson/OutputBatch/workdir_QCD_2000toInf/uhh2.AnalysisModuleRunner.MC.MC_QCD_HT2000toInf_94.root
hadd Source file 96: /nfs/dust/cms/user/zoiirene/DiBoson/OutputBatch/workdir_QCD_2000toInf/uhh2.AnalysisModuleRunner.MC.MC_QCD_HT2000toInf_95.root
hadd Source file 97: /nfs/dust/cms/user/zoiirene/DiBoson/OutputBatch/workdir_QCD_2000toInf/uhh2.AnalysisModuleRunner.MC.MC_QCD_HT2000toInf_96.root
hadd Source file 98: /nfs/dust/cms/user/zoiirene/DiBoson/OutputBatch/workdir_QCD_2000toInf/uhh2.AnalysisModuleRunner.MC.MC_QCD_HT2000toInf_97.root
hadd Source file 99: /nfs/dust/cms/user/zoiirene/DiBoson/OutputBatch/workdir_QCD_2000toInf/uhh2.AnalysisModuleRunner.MC.MC_QCD_HT2000toInf_98.root
hadd Source file 100: /nfs/dust/cms/user/zoiirene/DiBoson/OutputBatch/workdir_QCD_2000toInf/uhh2.AnalysisModuleRunner.MC.MC_QCD_HT2000toInf_99.root
hadd Source file 101: /nfs/dust/cms/user/zoiirene/DiBoson/OutputBatch/workdir_QCD_2000toInf/uhh2.AnalysisModuleRunner.MC.MC_QCD_HT2000toInf_100.root
hadd Source file 102: /nfs/dust/cms/user/zoiirene/DiBoson/OutputBatch/workdir_QCD_2000toInf/uhh2.AnalysisModuleRunner.MC.MC_QCD_HT2000toInf_101.root
hadd Source file 103: /nfs/dust/cms/user/zoiirene/DiBoson/OutputBatch/workdir_QCD_2000toInf/uhh2.AnalysisModuleRunner.MC.MC_QCD_HT2000toInf_102.root
hadd Source file 104: /nfs/dust/cms/user/zoiirene/DiBoson/OutputBatch/workdir_QCD_2000toInf/uhh2.AnalysisModuleRunner.MC.MC_QCD_HT2000toInf_103.root
hadd Source file 105: /nfs/dust/cms/user/zoiirene/DiBoson/OutputBatch/workdir_QCD_2000toInf/uhh2.AnalysisModuleRunner.MC.MC_QCD_HT2000toInf_104.root
hadd Source file 106: /nfs/dust/cms/user/zoiirene/DiBoson/OutputBatch/workdir_QCD_2000toInf/uhh2.AnalysisModuleRunner.MC.MC_QCD_HT2000toInf_105.root
hadd Source file 107: /nfs/dust/cms/user/zoiirene/DiBoson/OutputBatch/workdir_QCD_2000toInf/uhh2.AnalysisModuleRunner.MC.MC_QCD_HT2000toInf_106.root
hadd Source file 108: /nfs/dust/cms/user/zoiirene/DiBoson/OutputBatch/workdir_QCD_2000toInf/uhh2.AnalysisModuleRunner.MC.MC_QCD_HT2000toInf_107.root
hadd Source file 109: /nfs/dust/cms/user/zoiirene/DiBoson/OutputBatch/workdir_QCD_2000toInf/uhh2.AnalysisModuleRunner.MC.MC_QCD_HT2000toInf_108.root
hadd Source file 110: /nfs/dust/cms/user/zoiirene/DiBoson/OutputBatch/workdir_QCD_2000toInf/uhh2.AnalysisModuleRunner.MC.MC_QCD_HT2000toInf_109.root
hadd Source file 111: /nfs/dust/cms/user/zoiirene/DiBoson/OutputBatch/workdir_QCD_2000toInf/uhh2.AnalysisModuleRunner.MC.MC_QCD_HT2000toInf_110.root
hadd Source file 112: /nfs/dust/cms/user/zoiirene/DiBoson/OutputBatch/workdir_QCD_2000toInf/uhh2.AnalysisModuleRunner.MC.MC_QCD_HT2000toInf_111.root
hadd Source file 113: /nfs/dust/cms/user/zoiirene/DiBoson/OutputBatch/workdir_QCD_2000toInf/uhh2.AnalysisModuleRunner.MC.MC_QCD_HT2000toInf_112.root
hadd Source file 114: /nfs/dust/cms/user/zoiirene/DiBoson/OutputBatch/workdir_QCD_2000toInf/uhh2.AnalysisModuleRunner.MC.MC_QCD_HT2000toInf_113.root
hadd Source file 115: /nfs/dust/cms/user/zoiirene/DiBoson/OutputBatch/workdir_QCD_2000toInf/uhh2.AnalysisModuleRunner.MC.MC_QCD_HT2000toInf_114.root
hadd Source file 116: /nfs/dust/cms/user/zoiirene/DiBoson/OutputBatch/workdir_QCD_2000toInf/uhh2.AnalysisModuleRunner.MC.MC_QCD_HT2000toInf_115.root
hadd Source file 117: /nfs/dust/cms/user/zoiirene/DiBoson/OutputBatch/workdir_QCD_2000toInf/uhh2.AnalysisModuleRunner.MC.MC_QCD_HT2000toInf_116.root
hadd Source file 118: /nfs/dust/cms/user/zoiirene/DiBoson/OutputBatch/workdir_QCD_2000toInf/uhh2.AnalysisModuleRunner.MC.MC_QCD_HT2000toInf_117.root
hadd Source file 119: /nfs/dust/cms/user/zoiirene/DiBoson/OutputBatch/workdir_QCD_2000toInf/uhh2.AnalysisModuleRunner.MC.MC_QCD_HT2000toInf_118.root
hadd Source file 120: /nfs/dust/cms/user/zoiirene/DiBoson/OutputBatch/workdir_QCD_2000toInf/uhh2.AnalysisModuleRunner.MC.MC_QCD_HT2000toInf_119.root
hadd Source file 121: /nfs/dust/cms/user/zoiirene/DiBoson/OutputBatch/workdir_QCD_2000toInf/uhh2.AnalysisModuleRunner.MC.MC_QCD_HT2000toInf_120.root
hadd Target path: /nfs/dust/cms/user/zoiirene/DiBoson/OutputBatch/uhh2.AnalysisModuleRunner.MC.MC_QCD_HT2000toInf.root:/
hadd Target path: /nfs/dust/cms/user/zoiirene/DiBoson/OutputBatch/uhh2.AnalysisModuleRunner.MC.MC_QCD_HT2000toInf.root:/start_Jet
hadd Target path: /nfs/dust/cms/user/zoiirene/DiBoson/OutputBatch/uhh2.AnalysisModuleRunner.MC.MC_QCD_HT2000toInf.root:/NoCuts
hadd Target path: /nfs/dust/cms/user/zoiirene/DiBoson/OutputBatch/uhh2.AnalysisModuleRunner.MC.MC_QCD_HT2000toInf.root:/Njet
hadd Target path: /nfs/dust/cms/user/zoiirene/DiBoson/OutputBatch/uhh2.AnalysisModuleRunner.MC.MC_QCD_HT2000toInf.root:/GenParticle
hadd Target path: /nfs/dust/cms/user/zoiirene/DiBoson/OutputBatch/uhh2.AnalysisModuleRunner.MC.MC_QCD_HT2000toInf.root:/input_TopJet
hadd Target path: /nfs/dust/cms/user/zoiirene/DiBoson/OutputBatch/uhh2.AnalysisModuleRunner.MC.MC_QCD_HT2000toInf.root:/input_Jet
hadd Target path: /nfs/dust/cms/user/zoiirene/DiBoson/OutputBatch/uhh2.AnalysisModuleRunner.MC.MC_QCD_HT2000toInf.root:/input_GenTopJet
hadd Target path: /nfs/dust/cms/user/zoiirene/DiBoson/OutputBatch/uhh2.AnalysisModuleRunner.MC.MC_QCD_HT2000toInf.root:/input_GenJet
hadd Target path: /nfs/dust/cms/user/zoiirene/DiBoson/OutputBatch/uhh2.AnalysisModuleRunner.MC.MC_QCD_HT2000toInf.root:/cleaner
hadd Target path: /nfs/dust/cms/user/zoiirene/DiBoson/OutputBatch/uhh2.AnalysisModuleRunner.MC.MC_QCD_HT2000toInf.root:/cleaner_TopJet
hadd Target path: /nfs/dust/cms/user/zoiirene/DiBoson/OutputBatch/uhh2.AnalysisModuleRunner.MC.MC_QCD_HT2000toInf.root:/cleaner_Jet
hadd Target path: /nfs/dust/cms/user/zoiirene/DiBoson/OutputBatch/uhh2.AnalysisModuleRunner.MC.MC_QCD_HT2000toInf.root:/cleaner_GenTopJet
hadd Target path: /nfs/dust/cms/user/zoiirene/DiBoson/OutputBatch/uhh2.AnalysisModuleRunner.MC.MC_QCD_HT2000toInf.root:/cleaner_GenJet
hadd Target path: /nfs/dust/cms/user/zoiirene/DiBoson/OutputBatch/uhh2.AnalysisModuleRunner.MC.MC_QCD_HT2000toInf.root:/noOverlapping_TopJet
hadd Target path: /nfs/dust/cms/user/zoiirene/DiBoson/OutputBatch/uhh2.AnalysisModuleRunner.MC.MC_QCD_HT2000toInf.root:/noOverlapping_Jet
hadd Target path: /nfs/dust/cms/user/zoiirene/DiBoson/OutputBatch/uhh2.AnalysisModuleRunner.MC.MC_QCD_HT2000toInf.root:/2AK8_TopJet
hadd Target path: /nfs/dust/cms/user/zoiirene/DiBoson/OutputBatch/uhh2.AnalysisModuleRunner.MC.MC_QCD_HT2000toInf.root:/2AK4_Jet
hadd Target path: /nfs/dust/cms/user/zoiirene/DiBoson/OutputBatch/uhh2.AnalysisModuleRunner.MC.MC_QCD_HT2000toInf.root:/jetsel
hadd Target path: /nfs/dust/cms/user/zoiirene/DiBoson/OutputBatch/uhh2.AnalysisModuleRunner.MC.MC_QCD_HT2000toInf.root:/jetsel_TopJet
hadd Target path: /nfs/dust/cms/user/zoiirene/DiBoson/OutputBatch/uhh2.AnalysisModuleRunner.MC.MC_QCD_HT2000toInf.root:/jetsel_Jet
hadd Target path: /nfs/dust/cms/user/zoiirene/DiBoson/OutputBatch/uhh2.AnalysisModuleRunner.MC.MC_QCD_HT2000toInf.root:/jetsel_GenTopJet
hadd Target path: /nfs/dust/cms/user/zoiirene/DiBoson/OutputBatch/uhh2.AnalysisModuleRunner.MC.MC_QCD_HT2000toInf.root:/jetsel_GenJet
hadd Target path: /nfs/dust/cms/user/zoiirene/DiBoson/OutputBatch/uhh2.AnalysisModuleRunner.MC.MC_QCD_HT2000toInf.root:/WTopJet_invM
hadd Target path: /nfs/dust/cms/user/zoiirene/DiBoson/OutputBatch/uhh2.AnalysisModuleRunner.MC.MC_QCD_HT2000toInf.root:/TopJet_invM
hadd Target path: /nfs/dust/cms/user/zoiirene/DiBoson/OutputBatch/uhh2.AnalysisModuleRunner.MC.MC_QCD_HT2000toInf.root:/WTopJet_deta
hadd Target path: /nfs/dust/cms/user/zoiirene/DiBoson/OutputBatch/uhh2.AnalysisModuleRunner.MC.MC_QCD_HT2000toInf.root:/TopJet_deta
hadd Target path: /nfs/dust/cms/user/zoiirene/DiBoson/OutputBatch/uhh2.AnalysisModuleRunner.MC.MC_QCD_HT2000toInf.root:/WTopJet_invMdeta
hadd Target path: /nfs/dust/cms/user/zoiirene/DiBoson/OutputBatch/uhh2.AnalysisModuleRunner.MC.MC_QCD_HT2000toInf.root:/TopJet_invMdeta
hadd Target path: /nfs/dust/cms/user/zoiirene/DiBoson/OutputBatch/uhh2.AnalysisModuleRunner.MC.MC_QCD_HT2000toInf.root:/DiJet_invMdeta
hadd Target path: /nfs/dust/cms/user/zoiirene/DiBoson/OutputBatch/uhh2.AnalysisModuleRunner.MC.MC_QCD_HT2000toInf.root:/jet_invMdeta
hadd Target path: /nfs/dust/cms/user/zoiirene/DiBoson/OutputBatch/uhh2.AnalysisModuleRunner.MC.MC_QCD_HT2000toInf.root:/invMdeta
hadd Target path: /nfs/dust/cms/user/zoiirene/DiBoson/OutputBatch/uhh2.AnalysisModuleRunner.MC.MC_QCD_HT2000toInf.root:/vbfdeltaeta_Jet
hadd Target path: /nfs/dust/cms/user/zoiirene/DiBoson/OutputBatch/uhh2.AnalysisModuleRunner.MC.MC_QCD_HT2000toInf.root:/vbfdeltaeta_GenJet
hadd Target path: /nfs/dust/cms/user/zoiirene/DiBoson/OutputBatch/uhh2.AnalysisModuleRunner.MC.MC_QCD_HT2000toInf.root:/vbfetasign_Jet
hadd Target path: /nfs/dust/cms/user/zoiirene/DiBoson/OutputBatch/uhh2.AnalysisModuleRunner.MC.MC_QCD_HT2000toInf.root:/vbfetasign_GenJet
hadd Target path: /nfs/dust/cms/user/zoiirene/DiBoson/OutputBatch/uhh2.AnalysisModuleRunner.MC.MC_QCD_HT2000toInf.root:/vbfeta_Jet
hadd Target path: /nfs/dust/cms/user/zoiirene/DiBoson/OutputBatch/uhh2.AnalysisModuleRunner.MC.MC_QCD_HT2000toInf.root:/vbfeta_GenJet
hadd Target path: /nfs/dust/cms/user/zoiirene/DiBoson/OutputBatch/uhh2.AnalysisModuleRunner.MC.MC_QCD_HT2000toInf.root:/WTopJet
hadd Target path: /nfs/dust/cms/user/zoiirene/DiBoson/OutputBatch/uhh2.AnalysisModuleRunner.MC.MC_QCD_HT2000toInf.root:/DiJet
hadd Target path: /nfs/dust/cms/user/zoiirene/DiBoson/OutputBatch/uhh2.AnalysisModuleRunner.MC.MC_QCD_HT2000toInf.root:/DiJet_VBF
hadd Target path: /nfs/dust/cms/user/zoiirene/DiBoson/OutputBatch/uhh2.AnalysisModuleRunner.MC.MC_QCD_HT2000toInf.root:/VBF_jets
hadd Target path: /nfs/dust/cms/user/zoiirene/DiBoson/OutputBatch/uhh2.AnalysisModuleRunner.MC.MC_QCD_HT2000toInf.root:/WTopJet_withVBF
hadd Target path: /nfs/dust/cms/user/zoiirene/DiBoson/OutputBatch/uhh2.AnalysisModuleRunner.MC.MC_QCD_HT2000toInf.root:/TopJet_withVBF
hadd Target path: /nfs/dust/cms/user/zoiirene/DiBoson/OutputBatch/uhh2.AnalysisModuleRunner.MC.MC_QCD_HT2000toInf.root:/final
hadd Target path: /nfs/dust/cms/user/zoiirene/DiBoson/OutputBatch/uhh2.AnalysisModuleRunner.MC.MC_QCD_HT2000toInf.root:/SFrame
