hadd Target file: /nfs/dust/cms/user/zoiirene/DiBoson/OutputBatch/uhh2.AnalysisModuleRunner.MC.MC_QCD_HT1500to2000.root
hadd compression setting for all ouput: 1
hadd Source file 1: /nfs/dust/cms/user/zoiirene/DiBoson/OutputBatch/workdir_QCD_1500to2000/uhh2.AnalysisModuleRunner.MC.MC_QCD_HT1500to2000_0.root
hadd Source file 2: /nfs/dust/cms/user/zoiirene/DiBoson/OutputBatch/workdir_QCD_1500to2000/uhh2.AnalysisModuleRunner.MC.MC_QCD_HT1500to2000_1.root
hadd Source file 3: /nfs/dust/cms/user/zoiirene/DiBoson/OutputBatch/workdir_QCD_1500to2000/uhh2.AnalysisModuleRunner.MC.MC_QCD_HT1500to2000_2.root
hadd Source file 4: /nfs/dust/cms/user/zoiirene/DiBoson/OutputBatch/workdir_QCD_1500to2000/uhh2.AnalysisModuleRunner.MC.MC_QCD_HT1500to2000_3.root
hadd Source file 5: /nfs/dust/cms/user/zoiirene/DiBoson/OutputBatch/workdir_QCD_1500to2000/uhh2.AnalysisModuleRunner.MC.MC_QCD_HT1500to2000_4.root
hadd Source file 6: /nfs/dust/cms/user/zoiirene/DiBoson/OutputBatch/workdir_QCD_1500to2000/uhh2.AnalysisModuleRunner.MC.MC_QCD_HT1500to2000_5.root
hadd Source file 7: /nfs/dust/cms/user/zoiirene/DiBoson/OutputBatch/workdir_QCD_1500to2000/uhh2.AnalysisModuleRunner.MC.MC_QCD_HT1500to2000_6.root
hadd Source file 8: /nfs/dust/cms/user/zoiirene/DiBoson/OutputBatch/workdir_QCD_1500to2000/uhh2.AnalysisModuleRunner.MC.MC_QCD_HT1500to2000_7.root
hadd Source file 9: /nfs/dust/cms/user/zoiirene/DiBoson/OutputBatch/workdir_QCD_1500to2000/uhh2.AnalysisModuleRunner.MC.MC_QCD_HT1500to2000_8.root
hadd Source file 10: /nfs/dust/cms/user/zoiirene/DiBoson/OutputBatch/workdir_QCD_1500to2000/uhh2.AnalysisModuleRunner.MC.MC_QCD_HT1500to2000_9.root
hadd Source file 11: /nfs/dust/cms/user/zoiirene/DiBoson/OutputBatch/workdir_QCD_1500to2000/uhh2.AnalysisModuleRunner.MC.MC_QCD_HT1500to2000_10.root
hadd Source file 12: /nfs/dust/cms/user/zoiirene/DiBoson/OutputBatch/workdir_QCD_1500to2000/uhh2.AnalysisModuleRunner.MC.MC_QCD_HT1500to2000_11.root
hadd Source file 13: /nfs/dust/cms/user/zoiirene/DiBoson/OutputBatch/workdir_QCD_1500to2000/uhh2.AnalysisModuleRunner.MC.MC_QCD_HT1500to2000_12.root
hadd Source file 14: /nfs/dust/cms/user/zoiirene/DiBoson/OutputBatch/workdir_QCD_1500to2000/uhh2.AnalysisModuleRunner.MC.MC_QCD_HT1500to2000_13.root
hadd Source file 15: /nfs/dust/cms/user/zoiirene/DiBoson/OutputBatch/workdir_QCD_1500to2000/uhh2.AnalysisModuleRunner.MC.MC_QCD_HT1500to2000_14.root
hadd Source file 16: /nfs/dust/cms/user/zoiirene/DiBoson/OutputBatch/workdir_QCD_1500to2000/uhh2.AnalysisModuleRunner.MC.MC_QCD_HT1500to2000_15.root
hadd Source file 17: /nfs/dust/cms/user/zoiirene/DiBoson/OutputBatch/workdir_QCD_1500to2000/uhh2.AnalysisModuleRunner.MC.MC_QCD_HT1500to2000_16.root
hadd Source file 18: /nfs/dust/cms/user/zoiirene/DiBoson/OutputBatch/workdir_QCD_1500to2000/uhh2.AnalysisModuleRunner.MC.MC_QCD_HT1500to2000_17.root
hadd Source file 19: /nfs/dust/cms/user/zoiirene/DiBoson/OutputBatch/workdir_QCD_1500to2000/uhh2.AnalysisModuleRunner.MC.MC_QCD_HT1500to2000_18.root
hadd Source file 20: /nfs/dust/cms/user/zoiirene/DiBoson/OutputBatch/workdir_QCD_1500to2000/uhh2.AnalysisModuleRunner.MC.MC_QCD_HT1500to2000_19.root
hadd Source file 21: /nfs/dust/cms/user/zoiirene/DiBoson/OutputBatch/workdir_QCD_1500to2000/uhh2.AnalysisModuleRunner.MC.MC_QCD_HT1500to2000_20.root
hadd Source file 22: /nfs/dust/cms/user/zoiirene/DiBoson/OutputBatch/workdir_QCD_1500to2000/uhh2.AnalysisModuleRunner.MC.MC_QCD_HT1500to2000_21.root
hadd Source file 23: /nfs/dust/cms/user/zoiirene/DiBoson/OutputBatch/workdir_QCD_1500to2000/uhh2.AnalysisModuleRunner.MC.MC_QCD_HT1500to2000_22.root
hadd Source file 24: /nfs/dust/cms/user/zoiirene/DiBoson/OutputBatch/workdir_QCD_1500to2000/uhh2.AnalysisModuleRunner.MC.MC_QCD_HT1500to2000_23.root
hadd Source file 25: /nfs/dust/cms/user/zoiirene/DiBoson/OutputBatch/workdir_QCD_1500to2000/uhh2.AnalysisModuleRunner.MC.MC_QCD_HT1500to2000_24.root
hadd Source file 26: /nfs/dust/cms/user/zoiirene/DiBoson/OutputBatch/workdir_QCD_1500to2000/uhh2.AnalysisModuleRunner.MC.MC_QCD_HT1500to2000_25.root
hadd Source file 27: /nfs/dust/cms/user/zoiirene/DiBoson/OutputBatch/workdir_QCD_1500to2000/uhh2.AnalysisModuleRunner.MC.MC_QCD_HT1500to2000_26.root
hadd Source file 28: /nfs/dust/cms/user/zoiirene/DiBoson/OutputBatch/workdir_QCD_1500to2000/uhh2.AnalysisModuleRunner.MC.MC_QCD_HT1500to2000_27.root
hadd Source file 29: /nfs/dust/cms/user/zoiirene/DiBoson/OutputBatch/workdir_QCD_1500to2000/uhh2.AnalysisModuleRunner.MC.MC_QCD_HT1500to2000_28.root
hadd Source file 30: /nfs/dust/cms/user/zoiirene/DiBoson/OutputBatch/workdir_QCD_1500to2000/uhh2.AnalysisModuleRunner.MC.MC_QCD_HT1500to2000_29.root
hadd Source file 31: /nfs/dust/cms/user/zoiirene/DiBoson/OutputBatch/workdir_QCD_1500to2000/uhh2.AnalysisModuleRunner.MC.MC_QCD_HT1500to2000_30.root
hadd Source file 32: /nfs/dust/cms/user/zoiirene/DiBoson/OutputBatch/workdir_QCD_1500to2000/uhh2.AnalysisModuleRunner.MC.MC_QCD_HT1500to2000_31.root
hadd Source file 33: /nfs/dust/cms/user/zoiirene/DiBoson/OutputBatch/workdir_QCD_1500to2000/uhh2.AnalysisModuleRunner.MC.MC_QCD_HT1500to2000_32.root
hadd Source file 34: /nfs/dust/cms/user/zoiirene/DiBoson/OutputBatch/workdir_QCD_1500to2000/uhh2.AnalysisModuleRunner.MC.MC_QCD_HT1500to2000_33.root
hadd Source file 35: /nfs/dust/cms/user/zoiirene/DiBoson/OutputBatch/workdir_QCD_1500to2000/uhh2.AnalysisModuleRunner.MC.MC_QCD_HT1500to2000_34.root
hadd Source file 36: /nfs/dust/cms/user/zoiirene/DiBoson/OutputBatch/workdir_QCD_1500to2000/uhh2.AnalysisModuleRunner.MC.MC_QCD_HT1500to2000_35.root
hadd Source file 37: /nfs/dust/cms/user/zoiirene/DiBoson/OutputBatch/workdir_QCD_1500to2000/uhh2.AnalysisModuleRunner.MC.MC_QCD_HT1500to2000_36.root
hadd Source file 38: /nfs/dust/cms/user/zoiirene/DiBoson/OutputBatch/workdir_QCD_1500to2000/uhh2.AnalysisModuleRunner.MC.MC_QCD_HT1500to2000_37.root
hadd Source file 39: /nfs/dust/cms/user/zoiirene/DiBoson/OutputBatch/workdir_QCD_1500to2000/uhh2.AnalysisModuleRunner.MC.MC_QCD_HT1500to2000_38.root
hadd Source file 40: /nfs/dust/cms/user/zoiirene/DiBoson/OutputBatch/workdir_QCD_1500to2000/uhh2.AnalysisModuleRunner.MC.MC_QCD_HT1500to2000_39.root
hadd Source file 41: /nfs/dust/cms/user/zoiirene/DiBoson/OutputBatch/workdir_QCD_1500to2000/uhh2.AnalysisModuleRunner.MC.MC_QCD_HT1500to2000_40.root
hadd Source file 42: /nfs/dust/cms/user/zoiirene/DiBoson/OutputBatch/workdir_QCD_1500to2000/uhh2.AnalysisModuleRunner.MC.MC_QCD_HT1500to2000_41.root
hadd Source file 43: /nfs/dust/cms/user/zoiirene/DiBoson/OutputBatch/workdir_QCD_1500to2000/uhh2.AnalysisModuleRunner.MC.MC_QCD_HT1500to2000_42.root
hadd Source file 44: /nfs/dust/cms/user/zoiirene/DiBoson/OutputBatch/workdir_QCD_1500to2000/uhh2.AnalysisModuleRunner.MC.MC_QCD_HT1500to2000_43.root
hadd Source file 45: /nfs/dust/cms/user/zoiirene/DiBoson/OutputBatch/workdir_QCD_1500to2000/uhh2.AnalysisModuleRunner.MC.MC_QCD_HT1500to2000_44.root
hadd Source file 46: /nfs/dust/cms/user/zoiirene/DiBoson/OutputBatch/workdir_QCD_1500to2000/uhh2.AnalysisModuleRunner.MC.MC_QCD_HT1500to2000_45.root
hadd Source file 47: /nfs/dust/cms/user/zoiirene/DiBoson/OutputBatch/workdir_QCD_1500to2000/uhh2.AnalysisModuleRunner.MC.MC_QCD_HT1500to2000_46.root
hadd Source file 48: /nfs/dust/cms/user/zoiirene/DiBoson/OutputBatch/workdir_QCD_1500to2000/uhh2.AnalysisModuleRunner.MC.MC_QCD_HT1500to2000_47.root
hadd Source file 49: /nfs/dust/cms/user/zoiirene/DiBoson/OutputBatch/workdir_QCD_1500to2000/uhh2.AnalysisModuleRunner.MC.MC_QCD_HT1500to2000_48.root
hadd Source file 50: /nfs/dust/cms/user/zoiirene/DiBoson/OutputBatch/workdir_QCD_1500to2000/uhh2.AnalysisModuleRunner.MC.MC_QCD_HT1500to2000_49.root
hadd Source file 51: /nfs/dust/cms/user/zoiirene/DiBoson/OutputBatch/workdir_QCD_1500to2000/uhh2.AnalysisModuleRunner.MC.MC_QCD_HT1500to2000_50.root
hadd Source file 52: /nfs/dust/cms/user/zoiirene/DiBoson/OutputBatch/workdir_QCD_1500to2000/uhh2.AnalysisModuleRunner.MC.MC_QCD_HT1500to2000_51.root
hadd Source file 53: /nfs/dust/cms/user/zoiirene/DiBoson/OutputBatch/workdir_QCD_1500to2000/uhh2.AnalysisModuleRunner.MC.MC_QCD_HT1500to2000_52.root
hadd Source file 54: /nfs/dust/cms/user/zoiirene/DiBoson/OutputBatch/workdir_QCD_1500to2000/uhh2.AnalysisModuleRunner.MC.MC_QCD_HT1500to2000_53.root
hadd Source file 55: /nfs/dust/cms/user/zoiirene/DiBoson/OutputBatch/workdir_QCD_1500to2000/uhh2.AnalysisModuleRunner.MC.MC_QCD_HT1500to2000_54.root
hadd Source file 56: /nfs/dust/cms/user/zoiirene/DiBoson/OutputBatch/workdir_QCD_1500to2000/uhh2.AnalysisModuleRunner.MC.MC_QCD_HT1500to2000_55.root
hadd Source file 57: /nfs/dust/cms/user/zoiirene/DiBoson/OutputBatch/workdir_QCD_1500to2000/uhh2.AnalysisModuleRunner.MC.MC_QCD_HT1500to2000_56.root
hadd Source file 58: /nfs/dust/cms/user/zoiirene/DiBoson/OutputBatch/workdir_QCD_1500to2000/uhh2.AnalysisModuleRunner.MC.MC_QCD_HT1500to2000_57.root
hadd Source file 59: /nfs/dust/cms/user/zoiirene/DiBoson/OutputBatch/workdir_QCD_1500to2000/uhh2.AnalysisModuleRunner.MC.MC_QCD_HT1500to2000_58.root
hadd Source file 60: /nfs/dust/cms/user/zoiirene/DiBoson/OutputBatch/workdir_QCD_1500to2000/uhh2.AnalysisModuleRunner.MC.MC_QCD_HT1500to2000_59.root
hadd Source file 61: /nfs/dust/cms/user/zoiirene/DiBoson/OutputBatch/workdir_QCD_1500to2000/uhh2.AnalysisModuleRunner.MC.MC_QCD_HT1500to2000_60.root
hadd Source file 62: /nfs/dust/cms/user/zoiirene/DiBoson/OutputBatch/workdir_QCD_1500to2000/uhh2.AnalysisModuleRunner.MC.MC_QCD_HT1500to2000_61.root
hadd Source file 63: /nfs/dust/cms/user/zoiirene/DiBoson/OutputBatch/workdir_QCD_1500to2000/uhh2.AnalysisModuleRunner.MC.MC_QCD_HT1500to2000_62.root
hadd Source file 64: /nfs/dust/cms/user/zoiirene/DiBoson/OutputBatch/workdir_QCD_1500to2000/uhh2.AnalysisModuleRunner.MC.MC_QCD_HT1500to2000_63.root
hadd Source file 65: /nfs/dust/cms/user/zoiirene/DiBoson/OutputBatch/workdir_QCD_1500to2000/uhh2.AnalysisModuleRunner.MC.MC_QCD_HT1500to2000_64.root
hadd Source file 66: /nfs/dust/cms/user/zoiirene/DiBoson/OutputBatch/workdir_QCD_1500to2000/uhh2.AnalysisModuleRunner.MC.MC_QCD_HT1500to2000_65.root
hadd Source file 67: /nfs/dust/cms/user/zoiirene/DiBoson/OutputBatch/workdir_QCD_1500to2000/uhh2.AnalysisModuleRunner.MC.MC_QCD_HT1500to2000_66.root
hadd Source file 68: /nfs/dust/cms/user/zoiirene/DiBoson/OutputBatch/workdir_QCD_1500to2000/uhh2.AnalysisModuleRunner.MC.MC_QCD_HT1500to2000_67.root
hadd Source file 69: /nfs/dust/cms/user/zoiirene/DiBoson/OutputBatch/workdir_QCD_1500to2000/uhh2.AnalysisModuleRunner.MC.MC_QCD_HT1500to2000_68.root
hadd Source file 70: /nfs/dust/cms/user/zoiirene/DiBoson/OutputBatch/workdir_QCD_1500to2000/uhh2.AnalysisModuleRunner.MC.MC_QCD_HT1500to2000_69.root
hadd Source file 71: /nfs/dust/cms/user/zoiirene/DiBoson/OutputBatch/workdir_QCD_1500to2000/uhh2.AnalysisModuleRunner.MC.MC_QCD_HT1500to2000_70.root
hadd Source file 72: /nfs/dust/cms/user/zoiirene/DiBoson/OutputBatch/workdir_QCD_1500to2000/uhh2.AnalysisModuleRunner.MC.MC_QCD_HT1500to2000_71.root
hadd Source file 73: /nfs/dust/cms/user/zoiirene/DiBoson/OutputBatch/workdir_QCD_1500to2000/uhh2.AnalysisModuleRunner.MC.MC_QCD_HT1500to2000_72.root
hadd Source file 74: /nfs/dust/cms/user/zoiirene/DiBoson/OutputBatch/workdir_QCD_1500to2000/uhh2.AnalysisModuleRunner.MC.MC_QCD_HT1500to2000_73.root
hadd Source file 75: /nfs/dust/cms/user/zoiirene/DiBoson/OutputBatch/workdir_QCD_1500to2000/uhh2.AnalysisModuleRunner.MC.MC_QCD_HT1500to2000_74.root
hadd Source file 76: /nfs/dust/cms/user/zoiirene/DiBoson/OutputBatch/workdir_QCD_1500to2000/uhh2.AnalysisModuleRunner.MC.MC_QCD_HT1500to2000_75.root
hadd Source file 77: /nfs/dust/cms/user/zoiirene/DiBoson/OutputBatch/workdir_QCD_1500to2000/uhh2.AnalysisModuleRunner.MC.MC_QCD_HT1500to2000_76.root
hadd Source file 78: /nfs/dust/cms/user/zoiirene/DiBoson/OutputBatch/workdir_QCD_1500to2000/uhh2.AnalysisModuleRunner.MC.MC_QCD_HT1500to2000_77.root
hadd Source file 79: /nfs/dust/cms/user/zoiirene/DiBoson/OutputBatch/workdir_QCD_1500to2000/uhh2.AnalysisModuleRunner.MC.MC_QCD_HT1500to2000_78.root
hadd Source file 80: /nfs/dust/cms/user/zoiirene/DiBoson/OutputBatch/workdir_QCD_1500to2000/uhh2.AnalysisModuleRunner.MC.MC_QCD_HT1500to2000_79.root
hadd Source file 81: /nfs/dust/cms/user/zoiirene/DiBoson/OutputBatch/workdir_QCD_1500to2000/uhh2.AnalysisModuleRunner.MC.MC_QCD_HT1500to2000_80.root
hadd Source file 82: /nfs/dust/cms/user/zoiirene/DiBoson/OutputBatch/workdir_QCD_1500to2000/uhh2.AnalysisModuleRunner.MC.MC_QCD_HT1500to2000_81.root
hadd Source file 83: /nfs/dust/cms/user/zoiirene/DiBoson/OutputBatch/workdir_QCD_1500to2000/uhh2.AnalysisModuleRunner.MC.MC_QCD_HT1500to2000_82.root
hadd Source file 84: /nfs/dust/cms/user/zoiirene/DiBoson/OutputBatch/workdir_QCD_1500to2000/uhh2.AnalysisModuleRunner.MC.MC_QCD_HT1500to2000_83.root
hadd Source file 85: /nfs/dust/cms/user/zoiirene/DiBoson/OutputBatch/workdir_QCD_1500to2000/uhh2.AnalysisModuleRunner.MC.MC_QCD_HT1500to2000_84.root
hadd Source file 86: /nfs/dust/cms/user/zoiirene/DiBoson/OutputBatch/workdir_QCD_1500to2000/uhh2.AnalysisModuleRunner.MC.MC_QCD_HT1500to2000_85.root
hadd Source file 87: /nfs/dust/cms/user/zoiirene/DiBoson/OutputBatch/workdir_QCD_1500to2000/uhh2.AnalysisModuleRunner.MC.MC_QCD_HT1500to2000_86.root
hadd Source file 88: /nfs/dust/cms/user/zoiirene/DiBoson/OutputBatch/workdir_QCD_1500to2000/uhh2.AnalysisModuleRunner.MC.MC_QCD_HT1500to2000_87.root
hadd Source file 89: /nfs/dust/cms/user/zoiirene/DiBoson/OutputBatch/workdir_QCD_1500to2000/uhh2.AnalysisModuleRunner.MC.MC_QCD_HT1500to2000_88.root
hadd Source file 90: /nfs/dust/cms/user/zoiirene/DiBoson/OutputBatch/workdir_QCD_1500to2000/uhh2.AnalysisModuleRunner.MC.MC_QCD_HT1500to2000_89.root
hadd Source file 91: /nfs/dust/cms/user/zoiirene/DiBoson/OutputBatch/workdir_QCD_1500to2000/uhh2.AnalysisModuleRunner.MC.MC_QCD_HT1500to2000_90.root
hadd Source file 92: /nfs/dust/cms/user/zoiirene/DiBoson/OutputBatch/workdir_QCD_1500to2000/uhh2.AnalysisModuleRunner.MC.MC_QCD_HT1500to2000_91.root
hadd Source file 93: /nfs/dust/cms/user/zoiirene/DiBoson/OutputBatch/workdir_QCD_1500to2000/uhh2.AnalysisModuleRunner.MC.MC_QCD_HT1500to2000_92.root
hadd Source file 94: /nfs/dust/cms/user/zoiirene/DiBoson/OutputBatch/workdir_QCD_1500to2000/uhh2.AnalysisModuleRunner.MC.MC_QCD_HT1500to2000_93.root
hadd Source file 95: /nfs/dust/cms/user/zoiirene/DiBoson/OutputBatch/workdir_QCD_1500to2000/uhh2.AnalysisModuleRunner.MC.MC_QCD_HT1500to2000_94.root
hadd Source file 96: /nfs/dust/cms/user/zoiirene/DiBoson/OutputBatch/workdir_QCD_1500to2000/uhh2.AnalysisModuleRunner.MC.MC_QCD_HT1500to2000_95.root
hadd Source file 97: /nfs/dust/cms/user/zoiirene/DiBoson/OutputBatch/workdir_QCD_1500to2000/uhh2.AnalysisModuleRunner.MC.MC_QCD_HT1500to2000_96.root
hadd Source file 98: /nfs/dust/cms/user/zoiirene/DiBoson/OutputBatch/workdir_QCD_1500to2000/uhh2.AnalysisModuleRunner.MC.MC_QCD_HT1500to2000_97.root
hadd Source file 99: /nfs/dust/cms/user/zoiirene/DiBoson/OutputBatch/workdir_QCD_1500to2000/uhh2.AnalysisModuleRunner.MC.MC_QCD_HT1500to2000_98.root
hadd Source file 100: /nfs/dust/cms/user/zoiirene/DiBoson/OutputBatch/workdir_QCD_1500to2000/uhh2.AnalysisModuleRunner.MC.MC_QCD_HT1500to2000_99.root
hadd Source file 101: /nfs/dust/cms/user/zoiirene/DiBoson/OutputBatch/workdir_QCD_1500to2000/uhh2.AnalysisModuleRunner.MC.MC_QCD_HT1500to2000_100.root
hadd Source file 102: /nfs/dust/cms/user/zoiirene/DiBoson/OutputBatch/workdir_QCD_1500to2000/uhh2.AnalysisModuleRunner.MC.MC_QCD_HT1500to2000_101.root
hadd Source file 103: /nfs/dust/cms/user/zoiirene/DiBoson/OutputBatch/workdir_QCD_1500to2000/uhh2.AnalysisModuleRunner.MC.MC_QCD_HT1500to2000_102.root
hadd Source file 104: /nfs/dust/cms/user/zoiirene/DiBoson/OutputBatch/workdir_QCD_1500to2000/uhh2.AnalysisModuleRunner.MC.MC_QCD_HT1500to2000_103.root
hadd Source file 105: /nfs/dust/cms/user/zoiirene/DiBoson/OutputBatch/workdir_QCD_1500to2000/uhh2.AnalysisModuleRunner.MC.MC_QCD_HT1500to2000_104.root
hadd Source file 106: /nfs/dust/cms/user/zoiirene/DiBoson/OutputBatch/workdir_QCD_1500to2000/uhh2.AnalysisModuleRunner.MC.MC_QCD_HT1500to2000_105.root
hadd Source file 107: /nfs/dust/cms/user/zoiirene/DiBoson/OutputBatch/workdir_QCD_1500to2000/uhh2.AnalysisModuleRunner.MC.MC_QCD_HT1500to2000_106.root
hadd Source file 108: /nfs/dust/cms/user/zoiirene/DiBoson/OutputBatch/workdir_QCD_1500to2000/uhh2.AnalysisModuleRunner.MC.MC_QCD_HT1500to2000_107.root
hadd Source file 109: /nfs/dust/cms/user/zoiirene/DiBoson/OutputBatch/workdir_QCD_1500to2000/uhh2.AnalysisModuleRunner.MC.MC_QCD_HT1500to2000_108.root
hadd Source file 110: /nfs/dust/cms/user/zoiirene/DiBoson/OutputBatch/workdir_QCD_1500to2000/uhh2.AnalysisModuleRunner.MC.MC_QCD_HT1500to2000_109.root
hadd Source file 111: /nfs/dust/cms/user/zoiirene/DiBoson/OutputBatch/workdir_QCD_1500to2000/uhh2.AnalysisModuleRunner.MC.MC_QCD_HT1500to2000_110.root
hadd Source file 112: /nfs/dust/cms/user/zoiirene/DiBoson/OutputBatch/workdir_QCD_1500to2000/uhh2.AnalysisModuleRunner.MC.MC_QCD_HT1500to2000_111.root
hadd Source file 113: /nfs/dust/cms/user/zoiirene/DiBoson/OutputBatch/workdir_QCD_1500to2000/uhh2.AnalysisModuleRunner.MC.MC_QCD_HT1500to2000_112.root
hadd Source file 114: /nfs/dust/cms/user/zoiirene/DiBoson/OutputBatch/workdir_QCD_1500to2000/uhh2.AnalysisModuleRunner.MC.MC_QCD_HT1500to2000_113.root
hadd Source file 115: /nfs/dust/cms/user/zoiirene/DiBoson/OutputBatch/workdir_QCD_1500to2000/uhh2.AnalysisModuleRunner.MC.MC_QCD_HT1500to2000_114.root
hadd Source file 116: /nfs/dust/cms/user/zoiirene/DiBoson/OutputBatch/workdir_QCD_1500to2000/uhh2.AnalysisModuleRunner.MC.MC_QCD_HT1500to2000_115.root
hadd Source file 117: /nfs/dust/cms/user/zoiirene/DiBoson/OutputBatch/workdir_QCD_1500to2000/uhh2.AnalysisModuleRunner.MC.MC_QCD_HT1500to2000_116.root
hadd Source file 118: /nfs/dust/cms/user/zoiirene/DiBoson/OutputBatch/workdir_QCD_1500to2000/uhh2.AnalysisModuleRunner.MC.MC_QCD_HT1500to2000_117.root
hadd Source file 119: /nfs/dust/cms/user/zoiirene/DiBoson/OutputBatch/workdir_QCD_1500to2000/uhh2.AnalysisModuleRunner.MC.MC_QCD_HT1500to2000_118.root
hadd Source file 120: /nfs/dust/cms/user/zoiirene/DiBoson/OutputBatch/workdir_QCD_1500to2000/uhh2.AnalysisModuleRunner.MC.MC_QCD_HT1500to2000_119.root
hadd Source file 121: /nfs/dust/cms/user/zoiirene/DiBoson/OutputBatch/workdir_QCD_1500to2000/uhh2.AnalysisModuleRunner.MC.MC_QCD_HT1500to2000_120.root
hadd Source file 122: /nfs/dust/cms/user/zoiirene/DiBoson/OutputBatch/workdir_QCD_1500to2000/uhh2.AnalysisModuleRunner.MC.MC_QCD_HT1500to2000_121.root
hadd Source file 123: /nfs/dust/cms/user/zoiirene/DiBoson/OutputBatch/workdir_QCD_1500to2000/uhh2.AnalysisModuleRunner.MC.MC_QCD_HT1500to2000_122.root
hadd Source file 124: /nfs/dust/cms/user/zoiirene/DiBoson/OutputBatch/workdir_QCD_1500to2000/uhh2.AnalysisModuleRunner.MC.MC_QCD_HT1500to2000_123.root
hadd Source file 125: /nfs/dust/cms/user/zoiirene/DiBoson/OutputBatch/workdir_QCD_1500to2000/uhh2.AnalysisModuleRunner.MC.MC_QCD_HT1500to2000_124.root
hadd Source file 126: /nfs/dust/cms/user/zoiirene/DiBoson/OutputBatch/workdir_QCD_1500to2000/uhh2.AnalysisModuleRunner.MC.MC_QCD_HT1500to2000_125.root
hadd Source file 127: /nfs/dust/cms/user/zoiirene/DiBoson/OutputBatch/workdir_QCD_1500to2000/uhh2.AnalysisModuleRunner.MC.MC_QCD_HT1500to2000_126.root
hadd Source file 128: /nfs/dust/cms/user/zoiirene/DiBoson/OutputBatch/workdir_QCD_1500to2000/uhh2.AnalysisModuleRunner.MC.MC_QCD_HT1500to2000_127.root
hadd Source file 129: /nfs/dust/cms/user/zoiirene/DiBoson/OutputBatch/workdir_QCD_1500to2000/uhh2.AnalysisModuleRunner.MC.MC_QCD_HT1500to2000_128.root
hadd Source file 130: /nfs/dust/cms/user/zoiirene/DiBoson/OutputBatch/workdir_QCD_1500to2000/uhh2.AnalysisModuleRunner.MC.MC_QCD_HT1500to2000_129.root
hadd Source file 131: /nfs/dust/cms/user/zoiirene/DiBoson/OutputBatch/workdir_QCD_1500to2000/uhh2.AnalysisModuleRunner.MC.MC_QCD_HT1500to2000_130.root
hadd Source file 132: /nfs/dust/cms/user/zoiirene/DiBoson/OutputBatch/workdir_QCD_1500to2000/uhh2.AnalysisModuleRunner.MC.MC_QCD_HT1500to2000_131.root
hadd Source file 133: /nfs/dust/cms/user/zoiirene/DiBoson/OutputBatch/workdir_QCD_1500to2000/uhh2.AnalysisModuleRunner.MC.MC_QCD_HT1500to2000_132.root
hadd Source file 134: /nfs/dust/cms/user/zoiirene/DiBoson/OutputBatch/workdir_QCD_1500to2000/uhh2.AnalysisModuleRunner.MC.MC_QCD_HT1500to2000_133.root
hadd Source file 135: /nfs/dust/cms/user/zoiirene/DiBoson/OutputBatch/workdir_QCD_1500to2000/uhh2.AnalysisModuleRunner.MC.MC_QCD_HT1500to2000_134.root
hadd Source file 136: /nfs/dust/cms/user/zoiirene/DiBoson/OutputBatch/workdir_QCD_1500to2000/uhh2.AnalysisModuleRunner.MC.MC_QCD_HT1500to2000_135.root
hadd Source file 137: /nfs/dust/cms/user/zoiirene/DiBoson/OutputBatch/workdir_QCD_1500to2000/uhh2.AnalysisModuleRunner.MC.MC_QCD_HT1500to2000_136.root
hadd Source file 138: /nfs/dust/cms/user/zoiirene/DiBoson/OutputBatch/workdir_QCD_1500to2000/uhh2.AnalysisModuleRunner.MC.MC_QCD_HT1500to2000_137.root
hadd Source file 139: /nfs/dust/cms/user/zoiirene/DiBoson/OutputBatch/workdir_QCD_1500to2000/uhh2.AnalysisModuleRunner.MC.MC_QCD_HT1500to2000_138.root
hadd Source file 140: /nfs/dust/cms/user/zoiirene/DiBoson/OutputBatch/workdir_QCD_1500to2000/uhh2.AnalysisModuleRunner.MC.MC_QCD_HT1500to2000_139.root
hadd Source file 141: /nfs/dust/cms/user/zoiirene/DiBoson/OutputBatch/workdir_QCD_1500to2000/uhh2.AnalysisModuleRunner.MC.MC_QCD_HT1500to2000_140.root
hadd Source file 142: /nfs/dust/cms/user/zoiirene/DiBoson/OutputBatch/workdir_QCD_1500to2000/uhh2.AnalysisModuleRunner.MC.MC_QCD_HT1500to2000_141.root
hadd Source file 143: /nfs/dust/cms/user/zoiirene/DiBoson/OutputBatch/workdir_QCD_1500to2000/uhh2.AnalysisModuleRunner.MC.MC_QCD_HT1500to2000_142.root
hadd Source file 144: /nfs/dust/cms/user/zoiirene/DiBoson/OutputBatch/workdir_QCD_1500to2000/uhh2.AnalysisModuleRunner.MC.MC_QCD_HT1500to2000_143.root
hadd Source file 145: /nfs/dust/cms/user/zoiirene/DiBoson/OutputBatch/workdir_QCD_1500to2000/uhh2.AnalysisModuleRunner.MC.MC_QCD_HT1500to2000_144.root
hadd Source file 146: /nfs/dust/cms/user/zoiirene/DiBoson/OutputBatch/workdir_QCD_1500to2000/uhh2.AnalysisModuleRunner.MC.MC_QCD_HT1500to2000_145.root
hadd Source file 147: /nfs/dust/cms/user/zoiirene/DiBoson/OutputBatch/workdir_QCD_1500to2000/uhh2.AnalysisModuleRunner.MC.MC_QCD_HT1500to2000_146.root
hadd Source file 148: /nfs/dust/cms/user/zoiirene/DiBoson/OutputBatch/workdir_QCD_1500to2000/uhh2.AnalysisModuleRunner.MC.MC_QCD_HT1500to2000_147.root
hadd Source file 149: /nfs/dust/cms/user/zoiirene/DiBoson/OutputBatch/workdir_QCD_1500to2000/uhh2.AnalysisModuleRunner.MC.MC_QCD_HT1500to2000_148.root
hadd Source file 150: /nfs/dust/cms/user/zoiirene/DiBoson/OutputBatch/workdir_QCD_1500to2000/uhh2.AnalysisModuleRunner.MC.MC_QCD_HT1500to2000_149.root
hadd Source file 151: /nfs/dust/cms/user/zoiirene/DiBoson/OutputBatch/workdir_QCD_1500to2000/uhh2.AnalysisModuleRunner.MC.MC_QCD_HT1500to2000_150.root
hadd Source file 152: /nfs/dust/cms/user/zoiirene/DiBoson/OutputBatch/workdir_QCD_1500to2000/uhh2.AnalysisModuleRunner.MC.MC_QCD_HT1500to2000_151.root
hadd Source file 153: /nfs/dust/cms/user/zoiirene/DiBoson/OutputBatch/workdir_QCD_1500to2000/uhh2.AnalysisModuleRunner.MC.MC_QCD_HT1500to2000_152.root
hadd Source file 154: /nfs/dust/cms/user/zoiirene/DiBoson/OutputBatch/workdir_QCD_1500to2000/uhh2.AnalysisModuleRunner.MC.MC_QCD_HT1500to2000_153.root
hadd Source file 155: /nfs/dust/cms/user/zoiirene/DiBoson/OutputBatch/workdir_QCD_1500to2000/uhh2.AnalysisModuleRunner.MC.MC_QCD_HT1500to2000_154.root
hadd Source file 156: /nfs/dust/cms/user/zoiirene/DiBoson/OutputBatch/workdir_QCD_1500to2000/uhh2.AnalysisModuleRunner.MC.MC_QCD_HT1500to2000_155.root
hadd Source file 157: /nfs/dust/cms/user/zoiirene/DiBoson/OutputBatch/workdir_QCD_1500to2000/uhh2.AnalysisModuleRunner.MC.MC_QCD_HT1500to2000_156.root
hadd Source file 158: /nfs/dust/cms/user/zoiirene/DiBoson/OutputBatch/workdir_QCD_1500to2000/uhh2.AnalysisModuleRunner.MC.MC_QCD_HT1500to2000_157.root
hadd Source file 159: /nfs/dust/cms/user/zoiirene/DiBoson/OutputBatch/workdir_QCD_1500to2000/uhh2.AnalysisModuleRunner.MC.MC_QCD_HT1500to2000_158.root
hadd Source file 160: /nfs/dust/cms/user/zoiirene/DiBoson/OutputBatch/workdir_QCD_1500to2000/uhh2.AnalysisModuleRunner.MC.MC_QCD_HT1500to2000_159.root
hadd Source file 161: /nfs/dust/cms/user/zoiirene/DiBoson/OutputBatch/workdir_QCD_1500to2000/uhh2.AnalysisModuleRunner.MC.MC_QCD_HT1500to2000_160.root
hadd Source file 162: /nfs/dust/cms/user/zoiirene/DiBoson/OutputBatch/workdir_QCD_1500to2000/uhh2.AnalysisModuleRunner.MC.MC_QCD_HT1500to2000_161.root
hadd Source file 163: /nfs/dust/cms/user/zoiirene/DiBoson/OutputBatch/workdir_QCD_1500to2000/uhh2.AnalysisModuleRunner.MC.MC_QCD_HT1500to2000_162.root
hadd Source file 164: /nfs/dust/cms/user/zoiirene/DiBoson/OutputBatch/workdir_QCD_1500to2000/uhh2.AnalysisModuleRunner.MC.MC_QCD_HT1500to2000_163.root
hadd Source file 165: /nfs/dust/cms/user/zoiirene/DiBoson/OutputBatch/workdir_QCD_1500to2000/uhh2.AnalysisModuleRunner.MC.MC_QCD_HT1500to2000_164.root
hadd Source file 166: /nfs/dust/cms/user/zoiirene/DiBoson/OutputBatch/workdir_QCD_1500to2000/uhh2.AnalysisModuleRunner.MC.MC_QCD_HT1500to2000_165.root
hadd Source file 167: /nfs/dust/cms/user/zoiirene/DiBoson/OutputBatch/workdir_QCD_1500to2000/uhh2.AnalysisModuleRunner.MC.MC_QCD_HT1500to2000_166.root
hadd Source file 168: /nfs/dust/cms/user/zoiirene/DiBoson/OutputBatch/workdir_QCD_1500to2000/uhh2.AnalysisModuleRunner.MC.MC_QCD_HT1500to2000_167.root
hadd Source file 169: /nfs/dust/cms/user/zoiirene/DiBoson/OutputBatch/workdir_QCD_1500to2000/uhh2.AnalysisModuleRunner.MC.MC_QCD_HT1500to2000_168.root
hadd Source file 170: /nfs/dust/cms/user/zoiirene/DiBoson/OutputBatch/workdir_QCD_1500to2000/uhh2.AnalysisModuleRunner.MC.MC_QCD_HT1500to2000_169.root
hadd Source file 171: /nfs/dust/cms/user/zoiirene/DiBoson/OutputBatch/workdir_QCD_1500to2000/uhh2.AnalysisModuleRunner.MC.MC_QCD_HT1500to2000_170.root
hadd Source file 172: /nfs/dust/cms/user/zoiirene/DiBoson/OutputBatch/workdir_QCD_1500to2000/uhh2.AnalysisModuleRunner.MC.MC_QCD_HT1500to2000_171.root
hadd Source file 173: /nfs/dust/cms/user/zoiirene/DiBoson/OutputBatch/workdir_QCD_1500to2000/uhh2.AnalysisModuleRunner.MC.MC_QCD_HT1500to2000_172.root
hadd Source file 174: /nfs/dust/cms/user/zoiirene/DiBoson/OutputBatch/workdir_QCD_1500to2000/uhh2.AnalysisModuleRunner.MC.MC_QCD_HT1500to2000_173.root
hadd Source file 175: /nfs/dust/cms/user/zoiirene/DiBoson/OutputBatch/workdir_QCD_1500to2000/uhh2.AnalysisModuleRunner.MC.MC_QCD_HT1500to2000_174.root
hadd Source file 176: /nfs/dust/cms/user/zoiirene/DiBoson/OutputBatch/workdir_QCD_1500to2000/uhh2.AnalysisModuleRunner.MC.MC_QCD_HT1500to2000_175.root
hadd Source file 177: /nfs/dust/cms/user/zoiirene/DiBoson/OutputBatch/workdir_QCD_1500to2000/uhh2.AnalysisModuleRunner.MC.MC_QCD_HT1500to2000_176.root
hadd Source file 178: /nfs/dust/cms/user/zoiirene/DiBoson/OutputBatch/workdir_QCD_1500to2000/uhh2.AnalysisModuleRunner.MC.MC_QCD_HT1500to2000_177.root
hadd Source file 179: /nfs/dust/cms/user/zoiirene/DiBoson/OutputBatch/workdir_QCD_1500to2000/uhh2.AnalysisModuleRunner.MC.MC_QCD_HT1500to2000_178.root
hadd Source file 180: /nfs/dust/cms/user/zoiirene/DiBoson/OutputBatch/workdir_QCD_1500to2000/uhh2.AnalysisModuleRunner.MC.MC_QCD_HT1500to2000_179.root
hadd Source file 181: /nfs/dust/cms/user/zoiirene/DiBoson/OutputBatch/workdir_QCD_1500to2000/uhh2.AnalysisModuleRunner.MC.MC_QCD_HT1500to2000_180.root
hadd Source file 182: /nfs/dust/cms/user/zoiirene/DiBoson/OutputBatch/workdir_QCD_1500to2000/uhh2.AnalysisModuleRunner.MC.MC_QCD_HT1500to2000_181.root
hadd Source file 183: /nfs/dust/cms/user/zoiirene/DiBoson/OutputBatch/workdir_QCD_1500to2000/uhh2.AnalysisModuleRunner.MC.MC_QCD_HT1500to2000_182.root
hadd Source file 184: /nfs/dust/cms/user/zoiirene/DiBoson/OutputBatch/workdir_QCD_1500to2000/uhh2.AnalysisModuleRunner.MC.MC_QCD_HT1500to2000_183.root
hadd Source file 185: /nfs/dust/cms/user/zoiirene/DiBoson/OutputBatch/workdir_QCD_1500to2000/uhh2.AnalysisModuleRunner.MC.MC_QCD_HT1500to2000_184.root
hadd Source file 186: /nfs/dust/cms/user/zoiirene/DiBoson/OutputBatch/workdir_QCD_1500to2000/uhh2.AnalysisModuleRunner.MC.MC_QCD_HT1500to2000_185.root
hadd Source file 187: /nfs/dust/cms/user/zoiirene/DiBoson/OutputBatch/workdir_QCD_1500to2000/uhh2.AnalysisModuleRunner.MC.MC_QCD_HT1500to2000_186.root
hadd Source file 188: /nfs/dust/cms/user/zoiirene/DiBoson/OutputBatch/workdir_QCD_1500to2000/uhh2.AnalysisModuleRunner.MC.MC_QCD_HT1500to2000_187.root
hadd Source file 189: /nfs/dust/cms/user/zoiirene/DiBoson/OutputBatch/workdir_QCD_1500to2000/uhh2.AnalysisModuleRunner.MC.MC_QCD_HT1500to2000_188.root
hadd Source file 190: /nfs/dust/cms/user/zoiirene/DiBoson/OutputBatch/workdir_QCD_1500to2000/uhh2.AnalysisModuleRunner.MC.MC_QCD_HT1500to2000_189.root
hadd Source file 191: /nfs/dust/cms/user/zoiirene/DiBoson/OutputBatch/workdir_QCD_1500to2000/uhh2.AnalysisModuleRunner.MC.MC_QCD_HT1500to2000_190.root
hadd Source file 192: /nfs/dust/cms/user/zoiirene/DiBoson/OutputBatch/workdir_QCD_1500to2000/uhh2.AnalysisModuleRunner.MC.MC_QCD_HT1500to2000_191.root
hadd Source file 193: /nfs/dust/cms/user/zoiirene/DiBoson/OutputBatch/workdir_QCD_1500to2000/uhh2.AnalysisModuleRunner.MC.MC_QCD_HT1500to2000_192.root
hadd Source file 194: /nfs/dust/cms/user/zoiirene/DiBoson/OutputBatch/workdir_QCD_1500to2000/uhh2.AnalysisModuleRunner.MC.MC_QCD_HT1500to2000_193.root
hadd Source file 195: /nfs/dust/cms/user/zoiirene/DiBoson/OutputBatch/workdir_QCD_1500to2000/uhh2.AnalysisModuleRunner.MC.MC_QCD_HT1500to2000_194.root
hadd Source file 196: /nfs/dust/cms/user/zoiirene/DiBoson/OutputBatch/workdir_QCD_1500to2000/uhh2.AnalysisModuleRunner.MC.MC_QCD_HT1500to2000_195.root
hadd Source file 197: /nfs/dust/cms/user/zoiirene/DiBoson/OutputBatch/workdir_QCD_1500to2000/uhh2.AnalysisModuleRunner.MC.MC_QCD_HT1500to2000_196.root
hadd Source file 198: /nfs/dust/cms/user/zoiirene/DiBoson/OutputBatch/workdir_QCD_1500to2000/uhh2.AnalysisModuleRunner.MC.MC_QCD_HT1500to2000_197.root
hadd Source file 199: /nfs/dust/cms/user/zoiirene/DiBoson/OutputBatch/workdir_QCD_1500to2000/uhh2.AnalysisModuleRunner.MC.MC_QCD_HT1500to2000_198.root
hadd Source file 200: /nfs/dust/cms/user/zoiirene/DiBoson/OutputBatch/workdir_QCD_1500to2000/uhh2.AnalysisModuleRunner.MC.MC_QCD_HT1500to2000_199.root
hadd Source file 201: /nfs/dust/cms/user/zoiirene/DiBoson/OutputBatch/workdir_QCD_1500to2000/uhh2.AnalysisModuleRunner.MC.MC_QCD_HT1500to2000_200.root
hadd Source file 202: /nfs/dust/cms/user/zoiirene/DiBoson/OutputBatch/workdir_QCD_1500to2000/uhh2.AnalysisModuleRunner.MC.MC_QCD_HT1500to2000_201.root
hadd Source file 203: /nfs/dust/cms/user/zoiirene/DiBoson/OutputBatch/workdir_QCD_1500to2000/uhh2.AnalysisModuleRunner.MC.MC_QCD_HT1500to2000_202.root
hadd Source file 204: /nfs/dust/cms/user/zoiirene/DiBoson/OutputBatch/workdir_QCD_1500to2000/uhh2.AnalysisModuleRunner.MC.MC_QCD_HT1500to2000_203.root
hadd Source file 205: /nfs/dust/cms/user/zoiirene/DiBoson/OutputBatch/workdir_QCD_1500to2000/uhh2.AnalysisModuleRunner.MC.MC_QCD_HT1500to2000_204.root
hadd Source file 206: /nfs/dust/cms/user/zoiirene/DiBoson/OutputBatch/workdir_QCD_1500to2000/uhh2.AnalysisModuleRunner.MC.MC_QCD_HT1500to2000_205.root
hadd Source file 207: /nfs/dust/cms/user/zoiirene/DiBoson/OutputBatch/workdir_QCD_1500to2000/uhh2.AnalysisModuleRunner.MC.MC_QCD_HT1500to2000_206.root
hadd Source file 208: /nfs/dust/cms/user/zoiirene/DiBoson/OutputBatch/workdir_QCD_1500to2000/uhh2.AnalysisModuleRunner.MC.MC_QCD_HT1500to2000_207.root
hadd Source file 209: /nfs/dust/cms/user/zoiirene/DiBoson/OutputBatch/workdir_QCD_1500to2000/uhh2.AnalysisModuleRunner.MC.MC_QCD_HT1500to2000_208.root
hadd Source file 210: /nfs/dust/cms/user/zoiirene/DiBoson/OutputBatch/workdir_QCD_1500to2000/uhh2.AnalysisModuleRunner.MC.MC_QCD_HT1500to2000_209.root
hadd Source file 211: /nfs/dust/cms/user/zoiirene/DiBoson/OutputBatch/workdir_QCD_1500to2000/uhh2.AnalysisModuleRunner.MC.MC_QCD_HT1500to2000_210.root
hadd Source file 212: /nfs/dust/cms/user/zoiirene/DiBoson/OutputBatch/workdir_QCD_1500to2000/uhh2.AnalysisModuleRunner.MC.MC_QCD_HT1500to2000_211.root
hadd Source file 213: /nfs/dust/cms/user/zoiirene/DiBoson/OutputBatch/workdir_QCD_1500to2000/uhh2.AnalysisModuleRunner.MC.MC_QCD_HT1500to2000_212.root
hadd Source file 214: /nfs/dust/cms/user/zoiirene/DiBoson/OutputBatch/workdir_QCD_1500to2000/uhh2.AnalysisModuleRunner.MC.MC_QCD_HT1500to2000_213.root
hadd Source file 215: /nfs/dust/cms/user/zoiirene/DiBoson/OutputBatch/workdir_QCD_1500to2000/uhh2.AnalysisModuleRunner.MC.MC_QCD_HT1500to2000_214.root
hadd Source file 216: /nfs/dust/cms/user/zoiirene/DiBoson/OutputBatch/workdir_QCD_1500to2000/uhh2.AnalysisModuleRunner.MC.MC_QCD_HT1500to2000_215.root
hadd Source file 217: /nfs/dust/cms/user/zoiirene/DiBoson/OutputBatch/workdir_QCD_1500to2000/uhh2.AnalysisModuleRunner.MC.MC_QCD_HT1500to2000_216.root
hadd Source file 218: /nfs/dust/cms/user/zoiirene/DiBoson/OutputBatch/workdir_QCD_1500to2000/uhh2.AnalysisModuleRunner.MC.MC_QCD_HT1500to2000_217.root
hadd Source file 219: /nfs/dust/cms/user/zoiirene/DiBoson/OutputBatch/workdir_QCD_1500to2000/uhh2.AnalysisModuleRunner.MC.MC_QCD_HT1500to2000_218.root
hadd Source file 220: /nfs/dust/cms/user/zoiirene/DiBoson/OutputBatch/workdir_QCD_1500to2000/uhh2.AnalysisModuleRunner.MC.MC_QCD_HT1500to2000_219.root
hadd Source file 221: /nfs/dust/cms/user/zoiirene/DiBoson/OutputBatch/workdir_QCD_1500to2000/uhh2.AnalysisModuleRunner.MC.MC_QCD_HT1500to2000_220.root
hadd Source file 222: /nfs/dust/cms/user/zoiirene/DiBoson/OutputBatch/workdir_QCD_1500to2000/uhh2.AnalysisModuleRunner.MC.MC_QCD_HT1500to2000_221.root
hadd Source file 223: /nfs/dust/cms/user/zoiirene/DiBoson/OutputBatch/workdir_QCD_1500to2000/uhh2.AnalysisModuleRunner.MC.MC_QCD_HT1500to2000_222.root
hadd Source file 224: /nfs/dust/cms/user/zoiirene/DiBoson/OutputBatch/workdir_QCD_1500to2000/uhh2.AnalysisModuleRunner.MC.MC_QCD_HT1500to2000_223.root
hadd Source file 225: /nfs/dust/cms/user/zoiirene/DiBoson/OutputBatch/workdir_QCD_1500to2000/uhh2.AnalysisModuleRunner.MC.MC_QCD_HT1500to2000_224.root
hadd Source file 226: /nfs/dust/cms/user/zoiirene/DiBoson/OutputBatch/workdir_QCD_1500to2000/uhh2.AnalysisModuleRunner.MC.MC_QCD_HT1500to2000_225.root
hadd Source file 227: /nfs/dust/cms/user/zoiirene/DiBoson/OutputBatch/workdir_QCD_1500to2000/uhh2.AnalysisModuleRunner.MC.MC_QCD_HT1500to2000_226.root
hadd Source file 228: /nfs/dust/cms/user/zoiirene/DiBoson/OutputBatch/workdir_QCD_1500to2000/uhh2.AnalysisModuleRunner.MC.MC_QCD_HT1500to2000_227.root
hadd Source file 229: /nfs/dust/cms/user/zoiirene/DiBoson/OutputBatch/workdir_QCD_1500to2000/uhh2.AnalysisModuleRunner.MC.MC_QCD_HT1500to2000_228.root
hadd Source file 230: /nfs/dust/cms/user/zoiirene/DiBoson/OutputBatch/workdir_QCD_1500to2000/uhh2.AnalysisModuleRunner.MC.MC_QCD_HT1500to2000_229.root
hadd Source file 231: /nfs/dust/cms/user/zoiirene/DiBoson/OutputBatch/workdir_QCD_1500to2000/uhh2.AnalysisModuleRunner.MC.MC_QCD_HT1500to2000_230.root
hadd Source file 232: /nfs/dust/cms/user/zoiirene/DiBoson/OutputBatch/workdir_QCD_1500to2000/uhh2.AnalysisModuleRunner.MC.MC_QCD_HT1500to2000_231.root
hadd Source file 233: /nfs/dust/cms/user/zoiirene/DiBoson/OutputBatch/workdir_QCD_1500to2000/uhh2.AnalysisModuleRunner.MC.MC_QCD_HT1500to2000_232.root
hadd Source file 234: /nfs/dust/cms/user/zoiirene/DiBoson/OutputBatch/workdir_QCD_1500to2000/uhh2.AnalysisModuleRunner.MC.MC_QCD_HT1500to2000_233.root
hadd Source file 235: /nfs/dust/cms/user/zoiirene/DiBoson/OutputBatch/workdir_QCD_1500to2000/uhh2.AnalysisModuleRunner.MC.MC_QCD_HT1500to2000_234.root
hadd Source file 236: /nfs/dust/cms/user/zoiirene/DiBoson/OutputBatch/workdir_QCD_1500to2000/uhh2.AnalysisModuleRunner.MC.MC_QCD_HT1500to2000_235.root
hadd Target path: /nfs/dust/cms/user/zoiirene/DiBoson/OutputBatch/uhh2.AnalysisModuleRunner.MC.MC_QCD_HT1500to2000.root:/
hadd Target path: /nfs/dust/cms/user/zoiirene/DiBoson/OutputBatch/uhh2.AnalysisModuleRunner.MC.MC_QCD_HT1500to2000.root:/start_Jet
hadd Target path: /nfs/dust/cms/user/zoiirene/DiBoson/OutputBatch/uhh2.AnalysisModuleRunner.MC.MC_QCD_HT1500to2000.root:/NoCuts
hadd Target path: /nfs/dust/cms/user/zoiirene/DiBoson/OutputBatch/uhh2.AnalysisModuleRunner.MC.MC_QCD_HT1500to2000.root:/Njet
hadd Target path: /nfs/dust/cms/user/zoiirene/DiBoson/OutputBatch/uhh2.AnalysisModuleRunner.MC.MC_QCD_HT1500to2000.root:/GenParticle
hadd Target path: /nfs/dust/cms/user/zoiirene/DiBoson/OutputBatch/uhh2.AnalysisModuleRunner.MC.MC_QCD_HT1500to2000.root:/input_TopJet
hadd Target path: /nfs/dust/cms/user/zoiirene/DiBoson/OutputBatch/uhh2.AnalysisModuleRunner.MC.MC_QCD_HT1500to2000.root:/input_Jet
hadd Target path: /nfs/dust/cms/user/zoiirene/DiBoson/OutputBatch/uhh2.AnalysisModuleRunner.MC.MC_QCD_HT1500to2000.root:/input_GenTopJet
hadd Target path: /nfs/dust/cms/user/zoiirene/DiBoson/OutputBatch/uhh2.AnalysisModuleRunner.MC.MC_QCD_HT1500to2000.root:/input_GenJet
hadd Target path: /nfs/dust/cms/user/zoiirene/DiBoson/OutputBatch/uhh2.AnalysisModuleRunner.MC.MC_QCD_HT1500to2000.root:/cleaner
hadd Target path: /nfs/dust/cms/user/zoiirene/DiBoson/OutputBatch/uhh2.AnalysisModuleRunner.MC.MC_QCD_HT1500to2000.root:/cleaner_TopJet
hadd Target path: /nfs/dust/cms/user/zoiirene/DiBoson/OutputBatch/uhh2.AnalysisModuleRunner.MC.MC_QCD_HT1500to2000.root:/cleaner_Jet
hadd Target path: /nfs/dust/cms/user/zoiirene/DiBoson/OutputBatch/uhh2.AnalysisModuleRunner.MC.MC_QCD_HT1500to2000.root:/cleaner_GenTopJet
hadd Target path: /nfs/dust/cms/user/zoiirene/DiBoson/OutputBatch/uhh2.AnalysisModuleRunner.MC.MC_QCD_HT1500to2000.root:/cleaner_GenJet
hadd Target path: /nfs/dust/cms/user/zoiirene/DiBoson/OutputBatch/uhh2.AnalysisModuleRunner.MC.MC_QCD_HT1500to2000.root:/noOverlapping_TopJet
hadd Target path: /nfs/dust/cms/user/zoiirene/DiBoson/OutputBatch/uhh2.AnalysisModuleRunner.MC.MC_QCD_HT1500to2000.root:/noOverlapping_Jet
hadd Target path: /nfs/dust/cms/user/zoiirene/DiBoson/OutputBatch/uhh2.AnalysisModuleRunner.MC.MC_QCD_HT1500to2000.root:/2AK8_TopJet
hadd Target path: /nfs/dust/cms/user/zoiirene/DiBoson/OutputBatch/uhh2.AnalysisModuleRunner.MC.MC_QCD_HT1500to2000.root:/2AK4_Jet
hadd Target path: /nfs/dust/cms/user/zoiirene/DiBoson/OutputBatch/uhh2.AnalysisModuleRunner.MC.MC_QCD_HT1500to2000.root:/jetsel
hadd Target path: /nfs/dust/cms/user/zoiirene/DiBoson/OutputBatch/uhh2.AnalysisModuleRunner.MC.MC_QCD_HT1500to2000.root:/jetsel_TopJet
hadd Target path: /nfs/dust/cms/user/zoiirene/DiBoson/OutputBatch/uhh2.AnalysisModuleRunner.MC.MC_QCD_HT1500to2000.root:/jetsel_Jet
hadd Target path: /nfs/dust/cms/user/zoiirene/DiBoson/OutputBatch/uhh2.AnalysisModuleRunner.MC.MC_QCD_HT1500to2000.root:/jetsel_GenTopJet
hadd Target path: /nfs/dust/cms/user/zoiirene/DiBoson/OutputBatch/uhh2.AnalysisModuleRunner.MC.MC_QCD_HT1500to2000.root:/jetsel_GenJet
hadd Target path: /nfs/dust/cms/user/zoiirene/DiBoson/OutputBatch/uhh2.AnalysisModuleRunner.MC.MC_QCD_HT1500to2000.root:/WTopJet_invM
hadd Target path: /nfs/dust/cms/user/zoiirene/DiBoson/OutputBatch/uhh2.AnalysisModuleRunner.MC.MC_QCD_HT1500to2000.root:/TopJet_invM
hadd Target path: /nfs/dust/cms/user/zoiirene/DiBoson/OutputBatch/uhh2.AnalysisModuleRunner.MC.MC_QCD_HT1500to2000.root:/WTopJet_deta
hadd Target path: /nfs/dust/cms/user/zoiirene/DiBoson/OutputBatch/uhh2.AnalysisModuleRunner.MC.MC_QCD_HT1500to2000.root:/TopJet_deta
hadd Target path: /nfs/dust/cms/user/zoiirene/DiBoson/OutputBatch/uhh2.AnalysisModuleRunner.MC.MC_QCD_HT1500to2000.root:/WTopJet_invMdeta
hadd Target path: /nfs/dust/cms/user/zoiirene/DiBoson/OutputBatch/uhh2.AnalysisModuleRunner.MC.MC_QCD_HT1500to2000.root:/TopJet_invMdeta
hadd Target path: /nfs/dust/cms/user/zoiirene/DiBoson/OutputBatch/uhh2.AnalysisModuleRunner.MC.MC_QCD_HT1500to2000.root:/DiJet_invMdeta
hadd Target path: /nfs/dust/cms/user/zoiirene/DiBoson/OutputBatch/uhh2.AnalysisModuleRunner.MC.MC_QCD_HT1500to2000.root:/jet_invMdeta
hadd Target path: /nfs/dust/cms/user/zoiirene/DiBoson/OutputBatch/uhh2.AnalysisModuleRunner.MC.MC_QCD_HT1500to2000.root:/invMdeta
hadd Target path: /nfs/dust/cms/user/zoiirene/DiBoson/OutputBatch/uhh2.AnalysisModuleRunner.MC.MC_QCD_HT1500to2000.root:/vbfdeltaeta_Jet
hadd Target path: /nfs/dust/cms/user/zoiirene/DiBoson/OutputBatch/uhh2.AnalysisModuleRunner.MC.MC_QCD_HT1500to2000.root:/vbfdeltaeta_GenJet
hadd Target path: /nfs/dust/cms/user/zoiirene/DiBoson/OutputBatch/uhh2.AnalysisModuleRunner.MC.MC_QCD_HT1500to2000.root:/vbfetasign_Jet
hadd Target path: /nfs/dust/cms/user/zoiirene/DiBoson/OutputBatch/uhh2.AnalysisModuleRunner.MC.MC_QCD_HT1500to2000.root:/vbfetasign_GenJet
hadd Target path: /nfs/dust/cms/user/zoiirene/DiBoson/OutputBatch/uhh2.AnalysisModuleRunner.MC.MC_QCD_HT1500to2000.root:/vbfeta_Jet
hadd Target path: /nfs/dust/cms/user/zoiirene/DiBoson/OutputBatch/uhh2.AnalysisModuleRunner.MC.MC_QCD_HT1500to2000.root:/vbfeta_GenJet
hadd Target path: /nfs/dust/cms/user/zoiirene/DiBoson/OutputBatch/uhh2.AnalysisModuleRunner.MC.MC_QCD_HT1500to2000.root:/WTopJet
hadd Target path: /nfs/dust/cms/user/zoiirene/DiBoson/OutputBatch/uhh2.AnalysisModuleRunner.MC.MC_QCD_HT1500to2000.root:/DiJet
hadd Target path: /nfs/dust/cms/user/zoiirene/DiBoson/OutputBatch/uhh2.AnalysisModuleRunner.MC.MC_QCD_HT1500to2000.root:/DiJet_VBF
hadd Target path: /nfs/dust/cms/user/zoiirene/DiBoson/OutputBatch/uhh2.AnalysisModuleRunner.MC.MC_QCD_HT1500to2000.root:/VBF_jets
hadd Target path: /nfs/dust/cms/user/zoiirene/DiBoson/OutputBatch/uhh2.AnalysisModuleRunner.MC.MC_QCD_HT1500to2000.root:/WTopJet_withVBF
hadd Target path: /nfs/dust/cms/user/zoiirene/DiBoson/OutputBatch/uhh2.AnalysisModuleRunner.MC.MC_QCD_HT1500to2000.root:/TopJet_withVBF
hadd Target path: /nfs/dust/cms/user/zoiirene/DiBoson/OutputBatch/uhh2.AnalysisModuleRunner.MC.MC_QCD_HT1500to2000.root:/final
hadd Target path: /nfs/dust/cms/user/zoiirene/DiBoson/OutputBatch/uhh2.AnalysisModuleRunner.MC.MC_QCD_HT1500to2000.root:/SFrame
